C51 COMPILER V9.57.0.0   LAB3                                                              01/13/2018 14:34:55 PAGE 1   


C51 COMPILER V9.57.0.0, COMPILATION OF MODULE LAB3
OBJECT MODULE PLACED IN .\Objects\lab3.obj
COMPILER INVOKED BY: C:\Keil_v5\C51\BIN\C51.EXE lab3.c OPTIMIZE(8,SPEED) BROWSE DEBUG OBJECTEXTEND PRINT(.\Listings\lab3
                    -.lst) TABS(2) OBJECT(.\Objects\lab3.obj)

line level    source

   1          #include <reg51.h>
   2          void delayms(unsigned int time);
   3          unsigned char code seg7[]={0xc0,0xf9,0xa4,0xb0,0x99,0x92,0x82,0xf8,0x80,0x90,
   4                                     0x89,0xbf,0xf6,0xff};//0~9,H,-,=," "
   5          unsigned int code dd[]={2,10,3,12,5,13,13,13,13,13};
   6          
   7          
   8          main(){
   9   1        int i,j;
  10   1        while(1){
  11   2          P1=0;
  12   2          for(i=0;i<8;i++){
  13   3            j=dd[i];
  14   3            P2=~seg7[j];
  15   3            delayms(5);
  16   3            P1++;
  17   3          }
  18   2        }
  19   1      }
  20          void delayms(unsigned int time){
  21   1        unsigned int n;
  22   1        while(time>0)
  23   1         {
  24   2           n=120;
  25   2           while(n>0)  n--;
  26   2           time--;
  27   2         }
  28   1      }
  29          //h 10010001
  30          //- 11111101
  31          //= 01101111


MODULE INFORMATION:   STATIC OVERLAYABLE
   CODE SIZE        =    110    ----
   CONSTANT SIZE    =     34    ----
   XDATA SIZE       =   ----    ----
   PDATA SIZE       =   ----    ----
   DATA SIZE        =   ----       4
   IDATA SIZE       =   ----    ----
   BIT SIZE         =   ----    ----
END OF MODULE INFORMATION.


C51 COMPILATION COMPLETE.  0 WARNING(S),  0 ERROR(S)
