C51 COMPILER V9.57.0.0   LAB4                                                              01/13/2018 21:09:26 PAGE 1   


C51 COMPILER V9.57.0.0, COMPILATION OF MODULE LAB4
OBJECT MODULE PLACED IN .\Objects\lab4.obj
COMPILER INVOKED BY: C:\Keil_v5\C51\BIN\C51.EXE lab4.c OPTIMIZE(8,SPEED) BROWSE DEBUG OBJECTEXTEND PRINT(.\Listings\lab4
                    -.lst) TABS(2) OBJECT(.\Objects\lab4.obj)

line level    source

   1          #include <REGX51.H>
   2          #include <stdio.h>
   3          #define RS P1_0
   4          #define RW P1_1
   5          #define E  P1_2
   6          #define DB P2
   7          #define DBPORT P2
   8          
   9          void init(void);
  10          void LCD_CMD(char cmd);
  11          void LCD_DATA(char data1);
  12          void DISP_Int(char addr1, int v1);
  13          void DISP_Str(char addr1,char *str);
  14          void wrins(char instruction);
  15          void delayms(unsigned int time);
  16          char keypad(void);
  17          unsigned int a1,a2,a3,a4,g1,g2,g3,g4,at,gt,k=99;
  18          unsigned int m=1;
  19          main(){
  20   1        init();
  21   1        LCD_CMD(0x3f);
  22   1        LCD_CMD(0xe);
  23   1        LCD_CMD(0x1);
  24   1        delayms(1);
  25   1        LCD_CMD(0x80);
  26   1        while(1){
  27   2          k=keypad();
  28   2          switch(m){
  29   3            case 1:
  30   3              if(k>=0&&k<10){
  31   4                a1=k;
  32   4                delayms(500);
  33   4                DISP_Int(0x80,a1);
  34   4                m++;
  35   4                }
  36   3              break;
  37   3            case 2:
  38   3              if(k>=0&&k<10){
  39   4                a2=k;
  40   4                delayms(500);
  41   4                DISP_Int(0x81,a2);
  42   4                m++;
  43   4              }
  44   3              break;
  45   3            case 3:
  46   3              if(k>=0&&k<10){
  47   4                a3=k;
  48   4                delayms(500);
  49   4                DISP_Int(0x82,a3);
  50   4                m++;
  51   4              }
  52   3              break;
  53   3            case 4:
  54   3              if(k>=0&&k<10){
C51 COMPILER V9.57.0.0   LAB4                                                              01/13/2018 21:09:26 PAGE 2   

  55   4                a4=k;
  56   4                delayms(500);
  57   4                DISP_Int(0x83,a4);
  58   4                m++;
  59   4                delayms(1000);
  60   4              }
  61   3              break;
  62   3            case 5:
  63   3              LCD_CMD(0x1);
  64   3              delayms(1);
  65   3              LCD_CMD(0x80);
  66   3              if(k>=0&&k<10){
  67   4                g1=k;
  68   4                delayms(500);
  69   4                DISP_Int(0x80,g1);
  70   4                m++;
  71   4              }
  72   3              break;
  73   3            case 6:
  74   3              if(k>=0&&k<10){
  75   4                g2=k;
  76   4                delayms(500);
  77   4                DISP_Int(0x81,g2);
  78   4                m++;
  79   4              }
  80   3              break;
  81   3            case 7:
  82   3              if(k>=0&&k<10){
  83   4                g3=k;
  84   4                delayms(500);
  85   4                DISP_Int(0x82,g3);
  86   4                m++;
  87   4              }
  88   3              break;
  89   3            case 8:
  90   3              if(k>=0&&k<10){
  91   4                g4=k;
  92   4                delayms(500);
  93   4                DISP_Int(0x83,g4);
  94   4                at=a1*1000+a2*100+a3*10+a4;
  95   4                gt=g1*1000+g2*100+g3*10+g4;
  96   4                if(at>gt){
  97   5                  DISP_Str(0x84,">");
  98   5                  delayms(1000);
  99   5                  m=5;
 100   5                }else if(at<gt){
 101   5                  DISP_Str(0x84,"<");
 102   5                  delayms(1000);
 103   5                  m=5;
 104   5                }else{
 105   5                  m++;
 106   5                  DISP_Str(0x84,"OK");
 107   5                };
 108   4              }
 109   3              break;  
 110   3          }
 111   2        }
 112   1      }
 113          void DISP_Int(char addr1, int v1){
 114   1        LCD_CMD(addr1);
 115   1        LCD_DATA(v1+0x30);
 116   1      }
C51 COMPILER V9.57.0.0   LAB4                                                              01/13/2018 21:09:26 PAGE 3   

 117          void DISP_Str(char addr1,char *str){
 118   1        LCD_CMD(addr1);
 119   1        while(*str != 0)
 120   1          LCD_DATA(*str++);
 121   1      }
 122          void LCD_CMD(char cmd){
 123   1        char i;
 124   1        DBPORT=cmd;
 125   1        RS=0; RW=0; E=1;
 126   1        for(i=0;i<40;i++);
 127   1        RS=0; RW=0; E=0;
 128   1      }
 129          void LCD_DATA(char data1){
 130   1        char i;
 131   1        DBPORT=data1;
 132   1        RS=1; RW=0; E=1;
 133   1        for(i=0;i<40;i++);
 134   1        RS=1; RW=0; E=0;
 135   1      }
 136          void init(void){
 137   1        delayms(30);
 138   1        wrins(0x38);
 139   1        wrins(0x38);
 140   1        wrins(0x38);
 141   1        wrins(0x38);
 142   1        wrins(0x08);
 143   1        wrins(0x01);
 144   1        wrins(0x06);
 145   1        wrins(0x0c);
 146   1      }
 147          void wrins(char instruction){
 148   1        RS=0;
 149   1        RW=0;
 150   1        E=0;
 151   1        delayms(1);
 152   1        E=1;
 153   1        DB=instruction;
 154   1        delayms(1);
 155   1        E=0;
 156   1        delayms(8);
 157   1      }
 158          void delayms(unsigned int time){
 159   1        unsigned int n;
 160   1        while(time>0)
 161   1         {
 162   2           n=120;
 163   2           while(n>0)  n--;
 164   2           time--;
 165   2         }
 166   1      } 
 167          char keypad(void){
 168   1        char key=0xff;
 169   1      
 170   1        P0=0xef;
 171   1        if(P0_0==0)  key=0;
 172   1        if(P0_1==0)  key=1;
 173   1        if(P0_2==0)  key=2;
 174   1        if(P0_3==0)  key=3;
 175   1      
 176   1        P0=0xdf;
 177   1        if(P0_0==0)  key=4;
 178   1        if(P0_1==0)  key=5;
C51 COMPILER V9.57.0.0   LAB4                                                              01/13/2018 21:09:26 PAGE 4   

 179   1        if(P0_2==0)  key=6;
 180   1        if(P0_3==0)  key=7;
 181   1      
 182   1        P0=0xbf;
 183   1        if(P0_0==0)  key=8;
 184   1        if(P0_1==0)  key=9;
 185   1        if(P0_2==0)  key=10;
 186   1        if(P0_3==0)  key=11;
 187   1      
 188   1        P0=0x7f;
 189   1        if(P0_0==0)  key=12;
 190   1        if(P0_1==0)  key=13;
 191   1        if(P0_2==0)  key=14;
 192   1        if(P0_3==0)  key=15;
 193   1      
 194   1        return key;
 195   1      
 196   1      } 


MODULE INFORMATION:   STATIC OVERLAYABLE
   CODE SIZE        =   1011    ----
   CONSTANT SIZE    =      7    ----
   XDATA SIZE       =   ----    ----
   PDATA SIZE       =   ----    ----
   DATA SIZE        =     24       6
   IDATA SIZE       =   ----    ----
   BIT SIZE         =   ----    ----
END OF MODULE INFORMATION.


C51 COMPILATION COMPLETE.  0 WARNING(S),  0 ERROR(S)
