C51 COMPILER V9.57.0.0   LAB2_4                                                            01/13/2018 11:26:17 PAGE 1   


C51 COMPILER V9.57.0.0, COMPILATION OF MODULE LAB2_4
OBJECT MODULE PLACED IN .\Objects\lab2_4.obj
COMPILER INVOKED BY: C:\Keil_v5\C51\BIN\C51.EXE lab2_4.c OPTIMIZE(8,SPEED) BROWSE DEBUG OBJECTEXTEND PRINT(.\Listings\la
                    -b2_4.lst) TABS(2) OBJECT(.\Objects\lab2_4.obj)

line level    source

   1          #include<reg51.h>
   2          #include<intrins.h>
   3          #define RR(x)_cror_(x,1);
   4          void delayms(unsigned int time);
   5          void main()
   6          {
   7   1        char tb[]={0xc0,0x50,0x24,0x11,0x48,0x14,0x06,0x01};
   8   1        while(1){
   9   2          int i;
  10   2          for(i=0;i<8;i++){
  11   3            P2=~tb[i];
  12   3            delayms(500);
  13   3          }
  14   2        }
  15   1      }
  16          void delayms(unsigned int time){
  17   1        unsigned int n;
  18   1        while(time>0)
  19   1         {
  20   2           n=120;
  21   2           while(n>0)  n--;
  22   2           time--;
  23   2         }
  24   1      }  


MODULE INFORMATION:   STATIC OVERLAYABLE
   CODE SIZE        =     91    ----
   CONSTANT SIZE    =      8    ----
   XDATA SIZE       =   ----    ----
   PDATA SIZE       =   ----    ----
   DATA SIZE        =   ----      10
   IDATA SIZE       =   ----    ----
   BIT SIZE         =   ----    ----
END OF MODULE INFORMATION.


C51 COMPILATION COMPLETE.  0 WARNING(S),  0 ERROR(S)
